<?xml version="1.0" encoding="UTF-8"?>
<!-- Generated by org.testng.reporters.JUnitReportReporter -->
<testsuite hostname="A-RAJASEKAR-31297" failures="0" tests="1" name="Com.DemowebShop_TestScripts.TC001_VerifyUserISAbleToAddAddressOrNot" time="30.721" errors="0" timestamp="2026-05-30T11:36:50 IST" skipped="0">
  <testcase classname="Com.DemowebShop_TestScripts.TC001_VerifyUserISAbleToAddAddressOrNot" name="addAddress" time="30.721"/>
</testsuite> <!-- Com.DemowebShop_TestScripts.TC001_VerifyUserISAbleToAddAddressOrNot -->
