<?xml version="1.0" encoding="UTF-8"?>
<!-- Generated by org.testng.reporters.JUnitReportReporter -->
<testsuite hostname="A-RAJASEKAR-31297" failures="0" tests="1" name="Com.DemowebShop_TestScripts.TC002_VerifyUserAbleToDeleteAddressOrNot" time="17.988" errors="0" timestamp="2026-05-31T09:28:39 IST" skipped="0">
  <testcase classname="Com.DemowebShop_TestScripts.TC002_VerifyUserAbleToDeleteAddressOrNot" name="deleteAddress" time="17.988"/>
</testsuite> <!-- Com.DemowebShop_TestScripts.TC002_VerifyUserAbleToDeleteAddressOrNot -->
