<?xml version="1.0" encoding="UTF-8"?>
<testng-results ignored="0" total="1" passed="1" failed="0" skipped="0">
  <reporter-output>
  </reporter-output>
  <suite started-at="2026-05-31T09:28:12 IST" name="Default suite" finished-at="2026-05-31T09:28:39 IST" duration-ms="26846">
    <groups>
    </groups>
    <test started-at="2026-05-31T09:28:12 IST" name="Default test" finished-at="2026-05-31T09:28:39 IST" duration-ms="26846">
      <class name="Com.DemowebShop_TestScripts.TC002_VerifyUserAbleToDeleteAddressOrNot">
        <test-method is-config="true" signature="beforesuite()[pri:0, instance:Com.DemowebShop_TestScripts.TC002_VerifyUserAbleToDeleteAddressOrNot@74e52ef6]" started-at="2026-05-31T09:28:12 IST" name="beforesuite" finished-at="2026-05-31T09:28:12 IST" duration-ms="19" status="PASS">
          <reporter-output>
          </reporter-output>
        </test-method> <!-- beforesuite -->
        <test-method is-config="true" signature="beforetest()[pri:0, instance:Com.DemowebShop_TestScripts.TC002_VerifyUserAbleToDeleteAddressOrNot@74e52ef6]" started-at="2026-05-31T09:28:12 IST" name="beforetest" finished-at="2026-05-31T09:28:12 IST" duration-ms="574" status="PASS">
          <reporter-output>
          </reporter-output>
        </test-method> <!-- beforetest -->
        <test-method is-config="true" signature="Beforeclass()[pri:0, instance:Com.DemowebShop_TestScripts.TC002_VerifyUserAbleToDeleteAddressOrNot@74e52ef6]" started-at="2026-05-31T09:28:12 IST" name="Beforeclass" finished-at="2026-05-31T09:28:17 IST" duration-ms="4563" status="PASS">
          <reporter-output>
          </reporter-output>
        </test-method> <!-- Beforeclass -->
        <test-method is-config="true" signature="Beforemethod()[pri:0, instance:Com.DemowebShop_TestScripts.TC002_VerifyUserAbleToDeleteAddressOrNot@74e52ef6]" started-at="2026-05-31T09:28:17 IST" name="Beforemethod" finished-at="2026-05-31T09:28:19 IST" duration-ms="1587" status="PASS">
          <reporter-output>
          </reporter-output>
        </test-method> <!-- Beforemethod -->
        <test-method signature="deleteAddress()[pri:0, instance:Com.DemowebShop_TestScripts.TC002_VerifyUserAbleToDeleteAddressOrNot@74e52ef6]" started-at="2026-05-31T09:28:19 IST" name="deleteAddress" finished-at="2026-05-31T09:28:31 IST" duration-ms="12322" status="PASS">
          <reporter-output>
          </reporter-output>
        </test-method> <!-- deleteAddress -->
        <test-method is-config="true" signature="Aftermethod()[pri:0, instance:Com.DemowebShop_TestScripts.TC002_VerifyUserAbleToDeleteAddressOrNot@74e52ef6]" started-at="2026-05-31T09:28:31 IST" name="Aftermethod" finished-at="2026-05-31T09:28:35 IST" duration-ms="4079" status="PASS">
          <reporter-output>
          </reporter-output>
        </test-method> <!-- Aftermethod -->
        <test-method is-config="true" signature="Afterclass()[pri:0, instance:Com.DemowebShop_TestScripts.TC002_VerifyUserAbleToDeleteAddressOrNot@74e52ef6]" started-at="2026-05-31T09:28:35 IST" name="Afterclass" finished-at="2026-05-31T09:28:38 IST" duration-ms="3300" status="PASS">
          <reporter-output>
          </reporter-output>
        </test-method> <!-- Afterclass -->
        <test-method is-config="true" signature="Aftertest()[pri:0, instance:Com.DemowebShop_TestScripts.TC002_VerifyUserAbleToDeleteAddressOrNot@74e52ef6]" started-at="2026-05-31T09:28:38 IST" name="Aftertest" finished-at="2026-05-31T09:28:39 IST" duration-ms="339" status="PASS">
          <reporter-output>
          </reporter-output>
        </test-method> <!-- Aftertest -->
        <test-method is-config="true" signature="Aftersuite()[pri:0, instance:Com.DemowebShop_TestScripts.TC002_VerifyUserAbleToDeleteAddressOrNot@74e52ef6]" started-at="2026-05-31T09:28:39 IST" name="Aftersuite" finished-at="2026-05-31T09:28:39 IST" duration-ms="2" status="PASS">
          <reporter-output>
          </reporter-output>
        </test-method> <!-- Aftersuite -->
      </class> <!-- Com.DemowebShop_TestScripts.TC002_VerifyUserAbleToDeleteAddressOrNot -->
    </test> <!-- Default test -->
  </suite> <!-- Default suite -->
</testng-results>
